<?xml version="1.0" encoding="UTF-8"?>
<!-- Generated by org.testng.reporters.JUnitReportReporter -->
<testsuite hostname="Dharani" failures="0" tests="1" name="com.spicejet.tests.LoginTest" time="35.522" errors="0" timestamp="2023-12-13T18:49:12 IST" skipped="0">
  <testcase classname="com.spicejet.tests.LoginTest" name="loginWithValidCredentials" time="35.522"/>
  <system-out/>
</testsuite> <!-- com.spicejet.tests.LoginTest -->
