<?xml version="1.0" encoding="UTF-8"?>
<!-- Generated by org.testng.reporters.JUnitReportReporter -->
<testsuite hostname="Dharani" failures="0" tests="1" name="com.spicejet.tests.PaymentInfoTest" time="699.072" errors="0" timestamp="2023-12-15T18:27:42 IST" skipped="0">
  <testcase classname="com.spicejet.tests.PaymentInfoTest" name="paymentDetails" time="699.072"/>
  <system-out/>
</testsuite> <!-- com.spicejet.tests.PaymentInfoTest -->
