<?xml version="1.0" encoding="UTF-8"?>
<!-- Generated by org.testng.reporters.JUnitReportReporter -->
<testsuite hostname="Dharani" failures="0" tests="1" name="com.spicejet.tests.OnewayTripTest" time="63.079" errors="0" timestamp="2023-12-14T15:24:03 IST" skipped="0">
  <testcase classname="com.spicejet.tests.OnewayTripTest" name="searchForonewayFlight" time="63.079"/>
  <system-out/>
</testsuite> <!-- com.spicejet.tests.OnewayTripTest -->
