<?xml version="1.0" encoding="UTF-8"?>
<!-- Generated by org.testng.reporters.JUnitReportReporter -->
<testsuite hostname="Dharani" failures="0" tests="1" name="com.spicejet.tests.RoundTripTest" time="146.578" errors="0" timestamp="2023-12-14T15:14:01 IST" skipped="0">
  <testcase classname="com.spicejet.tests.RoundTripTest" name="roundTripTest" time="146.578"/>
  <system-out/>
</testsuite> <!-- com.spicejet.tests.RoundTripTest -->
