<?xml version="1.0" encoding="UTF-8"?>
<!-- Generated by org.testng.reporters.JUnitReportReporter -->
<testsuite hostname="Dharani" failures="0" tests="1" name="com.spicejet.tests.SignupTest" time="26.816" errors="0" timestamp="2023-12-14T12:04:03 IST" skipped="0">
  <testcase classname="com.spicejet.tests.SignupTest" name="signupWithMandatoryFields" time="26.816"/>
  <system-out/>
</testsuite> <!-- com.spicejet.tests.SignupTest -->
