<?xml version="1.0" encoding="UTF-8"?>
<!-- Generated by org.testng.reporters.JUnitReportReporter -->
<testsuite hostname="Dharani" failures="0" tests="1" name="com.spicejet.tests.BookingFormTest" time="43.961" errors="0" timestamp="2023-12-15T00:30:58 IST" skipped="0">
  <testcase classname="com.spicejet.tests.BookingFormTest" name="bookingFormOfPassenger" time="43.961"/>
  <system-out/>
</testsuite> <!-- com.spicejet.tests.BookingFormTest -->
