<?xml version="1.0" encoding="UTF-8"?>
<!-- Generated by org.testng.reporters.JUnitReportReporter -->
<testsuite hostname="Dharani" failures="0" tests="1" name="com.spicejet.tests.SelectFlightTest" time="14.186" errors="0" timestamp="2023-12-14T22:31:51 IST" skipped="0">
  <testcase classname="com.spicejet.tests.SelectFlightTest" name="selectDirectFlight" time="14.186"/>
  <system-out/>
</testsuite> <!-- com.spicejet.tests.SelectFlightTest -->
